{"/Users/marica/Documents/frontend/react_proj/src/app/providers/index.ts": {"path":"/Users/marica/Documents/frontend/react_proj/src/app/providers/index.ts","statementMap":{},"fnMap":{},"branchMap":{},"s":{},"f":{},"b":{},"_coverageSchema":"1a1c01bbd47fc00a2c39e90264f33305004495a9","hash":"15da43fced42ccbfcb39f2c34363ea9953466cd3"}
,"/Users/marica/Documents/frontend/react_proj/src/app/providers/ErrorBoundary/index.ts": {"path":"/Users/marica/Documents/frontend/react_proj/src/app/providers/ErrorBoundary/index.ts","statementMap":{},"fnMap":{},"branchMap":{},"s":{},"f":{},"b":{}}
,"/Users/marica/Documents/frontend/react_proj/src/app/providers/StoreProvider/index.ts": {"path":"/Users/marica/Documents/frontend/react_proj/src/app/providers/StoreProvider/index.ts","statementMap":{},"fnMap":{},"branchMap":{},"s":{},"f":{},"b":{},"_coverageSchema":"1a1c01bbd47fc00a2c39e90264f33305004495a9","hash":"e72caba7b84954820aeb33f37ae82440eab46b4c"}
,"/Users/marica/Documents/frontend/react_proj/src/app/providers/StoreProvider/config/ReducerManager.ts": {"path":"/Users/marica/Documents/frontend/react_proj/src/app/providers/StoreProvider/config/ReducerManager.ts","statementMap":{"0":{"start":{"line":7,"column":21},"end":{"line":7,"column":43}},"1":{"start":{"line":8,"column":26},"end":{"line":8,"column":51}},"2":{"start":{"line":9,"column":42},"end":{"line":9,"column":44}},"3":{"start":{"line":11,"column":4},"end":{"line":41,"column":5}},"4":{"start":{"line":12,"column":29},"end":{"line":12,"column":37}},"5":{"start":{"line":14,"column":12},"end":{"line":20,"column":13}},"6":{"start":{"line":15,"column":16},"end":{"line":15,"column":36}},"7":{"start":{"line":16,"column":16},"end":{"line":18,"column":17}},"8":{"start":{"line":17,"column":20},"end":{"line":17,"column":37}},"9":{"start":{"line":19,"column":16},"end":{"line":19,"column":33}},"10":{"start":{"line":21,"column":12},"end":{"line":21,"column":49}},"11":{"start":{"line":24,"column":12},"end":{"line":26,"column":13}},"12":{"start":{"line":25,"column":16},"end":{"line":25,"column":22}},"13":{"start":{"line":27,"column":12},"end":{"line":27,"column":35}},"14":{"start":{"line":28,"column":12},"end":{"line":28,"column":55}},"15":{"start":{"line":31,"column":12},"end":{"line":33,"column":13}},"16":{"start":{"line":32,"column":16},"end":{"line":32,"column":22}},"17":{"start":{"line":35,"column":12},"end":{"line":35,"column":32}},"18":{"start":{"line":37,"column":12},"end":{"line":37,"column":34}},"19":{"start":{"line":39,"column":12},"end":{"line":39,"column":55}}},"fnMap":{"0":{"name":"createReducerManager","decl":{"start":{"line":5,"column":16},"end":{"line":5,"column":36}},"loc":{"start":{"line":6,"column":15},"end":{"line":42,"column":1}},"line":6},"1":{"name":"(anonymous_1)","decl":{"start":{"line":12,"column":23},"end":{"line":12,"column":24}},"loc":{"start":{"line":12,"column":29},"end":{"line":12,"column":37}},"line":12},"2":{"name":"(anonymous_2)","decl":{"start":{"line":13,"column":16},"end":{"line":13,"column":17}},"loc":{"start":{"line":13,"column":59},"end":{"line":22,"column":9}},"line":13},"3":{"name":"(anonymous_3)","decl":{"start":{"line":23,"column":13},"end":{"line":23,"column":14}},"loc":{"start":{"line":23,"column":57},"end":{"line":29,"column":9}},"line":23},"4":{"name":"(anonymous_4)","decl":{"start":{"line":30,"column":16},"end":{"line":30,"column":17}},"loc":{"start":{"line":30,"column":42},"end":{"line":40,"column":9}},"line":30}},"branchMap":{"0":{"loc":{"start":{"line":14,"column":12},"end":{"line":20,"column":13}},"type":"if","locations":[{"start":{"line":14,"column":12},"end":{"line":20,"column":13}},{"start":{},"end":{}}],"line":14},"1":{"loc":{"start":{"line":24,"column":12},"end":{"line":26,"column":13}},"type":"if","locations":[{"start":{"line":24,"column":12},"end":{"line":26,"column":13}},{"start":{},"end":{}}],"line":24},"2":{"loc":{"start":{"line":24,"column":16},"end":{"line":24,"column":37}},"type":"binary-expr","locations":[{"start":{"line":24,"column":16},"end":{"line":24,"column":20}},{"start":{"line":24,"column":24},"end":{"line":24,"column":37}}],"line":24},"3":{"loc":{"start":{"line":31,"column":12},"end":{"line":33,"column":13}},"type":"if","locations":[{"start":{"line":31,"column":12},"end":{"line":33,"column":13}},{"start":{},"end":{}}],"line":31},"4":{"loc":{"start":{"line":31,"column":16},"end":{"line":31,"column":38}},"type":"binary-expr","locations":[{"start":{"line":31,"column":16},"end":{"line":31,"column":20}},{"start":{"line":31,"column":24},"end":{"line":31,"column":38}}],"line":31}},"s":{"0":5,"1":5,"2":5,"3":5,"4":0,"5":7,"6":0,"7":0,"8":0,"9":0,"10":7,"11":0,"12":0,"13":0,"14":0,"15":0,"16":0,"17":0,"18":0,"19":0},"f":{"0":5,"1":0,"2":7,"3":0,"4":0},"b":{"0":[0,7],"1":[0,0],"2":[0,0],"3":[0,0],"4":[0,0]},"_coverageSchema":"1a1c01bbd47fc00a2c39e90264f33305004495a9","hash":"6fc56868b4aea2d3bb1072f04c93d3afc0ea9efd"}
,"/Users/marica/Documents/frontend/react_proj/src/app/providers/StoreProvider/config/StateSchema.ts": {"path":"/Users/marica/Documents/frontend/react_proj/src/app/providers/StoreProvider/config/StateSchema.ts","statementMap":{},"fnMap":{},"branchMap":{},"s":{},"f":{},"b":{}}
,"/Users/marica/Documents/frontend/react_proj/src/app/providers/StoreProvider/config/store.ts": {"path":"/Users/marica/Documents/frontend/react_proj/src/app/providers/StoreProvider/config/store.ts","statementMap":{"0":{"start":{"line":11,"column":57},"end":{"line":15,"column":5}},"1":{"start":{"line":17,"column":27},"end":{"line":17,"column":61}},"2":{"start":{"line":18,"column":18},"end":{"line":22,"column":6}},"3":{"start":{"line":25,"column":4},"end":{"line":25,"column":42}},"4":{"start":{"line":26,"column":4},"end":{"line":26,"column":17}}},"fnMap":{"0":{"name":"createReduxStore","decl":{"start":{"line":8,"column":16},"end":{"line":8,"column":32}},"loc":{"start":{"line":10,"column":52},"end":{"line":27,"column":1}},"line":10}},"branchMap":{},"s":{"0":5,"1":5,"2":5,"3":5,"4":5},"f":{"0":5},"b":{},"_coverageSchema":"1a1c01bbd47fc00a2c39e90264f33305004495a9","hash":"f20a17978c6ed2753917c829541500301e012fff"}
,"/Users/marica/Documents/frontend/react_proj/src/app/providers/ThemeProvider/lib/useTheme.ts": {"path":"/Users/marica/Documents/frontend/react_proj/src/app/providers/ThemeProvider/lib/useTheme.ts","statementMap":{"0":{"start":{"line":11,"column":30},"end":{"line":11,"column":54}},"1":{"start":{"line":12,"column":24},"end":{"line":17,"column":5}},"2":{"start":{"line":13,"column":25},"end":{"line":13,"column":72}},"3":{"start":{"line":14,"column":8},"end":{"line":14,"column":27}},"4":{"start":{"line":15,"column":8},"end":{"line":15,"column":43}},"5":{"start":{"line":16,"column":8},"end":{"line":16,"column":64}},"6":{"start":{"line":18,"column":4},"end":{"line":21,"column":5}}},"fnMap":{"0":{"name":"useTheme","decl":{"start":{"line":10,"column":16},"end":{"line":10,"column":24}},"loc":{"start":{"line":10,"column":42},"end":{"line":23,"column":1}},"line":10},"1":{"name":"(anonymous_1)","decl":{"start":{"line":12,"column":24},"end":{"line":12,"column":25}},"loc":{"start":{"line":12,"column":30},"end":{"line":17,"column":5}},"line":12}},"branchMap":{"0":{"loc":{"start":{"line":13,"column":25},"end":{"line":13,"column":72}},"type":"cond-expr","locations":[{"start":{"line":13,"column":48},"end":{"line":13,"column":59}},{"start":{"line":13,"column":62},"end":{"line":13,"column":72}}],"line":13}},"s":{"0":3,"1":3,"2":0,"3":0,"4":0,"5":0,"6":3},"f":{"0":3,"1":0},"b":{"0":[0,0]},"_coverageSchema":"1a1c01bbd47fc00a2c39e90264f33305004495a9","hash":"f9779c229207ba488438a2f902e23f8bb17a5f5c"}
,"/Users/marica/Documents/frontend/react_proj/src/app/providers/ThemeProvider/ui/ThemeContext.ts": {"path":"/Users/marica/Documents/frontend/react_proj/src/app/providers/ThemeProvider/ui/ThemeContext.ts","statementMap":{"0":{"start":{"line":12,"column":28},"end":{"line":12,"column":64}},"1":{"start":{"line":13,"column":39},"end":{"line":13,"column":46}}},"fnMap":{},"branchMap":{},"s":{"0":1,"1":1},"f":{},"b":{},"_coverageSchema":"1a1c01bbd47fc00a2c39e90264f33305004495a9","hash":"cf7607d809919c8f620b1ef79a8b20704c430319"}
,"/Users/marica/Documents/frontend/react_proj/src/app/providers/router/index.ts": {"path":"/Users/marica/Documents/frontend/react_proj/src/app/providers/router/index.ts","statementMap":{},"fnMap":{},"branchMap":{},"s":{},"f":{},"b":{}}
,"/Users/marica/Documents/frontend/react_proj/src/entities/Counter/index.ts": {"path":"/Users/marica/Documents/frontend/react_proj/src/entities/Counter/index.ts","statementMap":{},"fnMap":{},"branchMap":{},"s":{},"f":{},"b":{},"_coverageSchema":"1a1c01bbd47fc00a2c39e90264f33305004495a9","hash":"f003783558729c94592a461a972e67cf6c822414"}
,"/Users/marica/Documents/frontend/react_proj/src/entities/Counter/model/selectors/getCounter/getCounter.ts": {"path":"/Users/marica/Documents/frontend/react_proj/src/entities/Counter/model/selectors/getCounter/getCounter.ts","statementMap":{"0":{"start":{"line":3,"column":26},"end":{"line":5,"column":1}},"1":{"start":{"line":4,"column":4},"end":{"line":4,"column":24}}},"fnMap":{"0":{"name":"(anonymous_0)","decl":{"start":{"line":3,"column":26},"end":{"line":3,"column":27}},"loc":{"start":{"line":3,"column":50},"end":{"line":5,"column":1}},"line":3}},"branchMap":{},"s":{"0":4,"1":7},"f":{"0":7},"b":{},"_coverageSchema":"1a1c01bbd47fc00a2c39e90264f33305004495a9","hash":"172920e5bfbc3b0d3d577caa6dbe287888300ead"}
,"/Users/marica/Documents/frontend/react_proj/src/entities/Counter/model/selectors/getCounterValue/getCounterValue.ts": {"path":"/Users/marica/Documents/frontend/react_proj/src/entities/Counter/model/selectors/getCounterValue/getCounterValue.ts","statementMap":{"0":{"start":{"line":6,"column":31},"end":{"line":9,"column":1}},"1":{"start":{"line":8,"column":32},"end":{"line":8,"column":45}}},"fnMap":{"0":{"name":"(anonymous_0)","decl":{"start":{"line":8,"column":4},"end":{"line":8,"column":5}},"loc":{"start":{"line":8,"column":32},"end":{"line":8,"column":45}},"line":8}},"branchMap":{},"s":{"0":3,"1":6},"f":{"0":6},"b":{},"_coverageSchema":"1a1c01bbd47fc00a2c39e90264f33305004495a9","hash":"13cf4e515b6bc1674081bebfd4d2d63470560d98"}
,"/Users/marica/Documents/frontend/react_proj/src/entities/Counter/model/slice/counterSlice.ts": {"path":"/Users/marica/Documents/frontend/react_proj/src/entities/Counter/model/slice/counterSlice.ts","statementMap":{"0":{"start":{"line":4,"column":36},"end":{"line":6,"column":1}},"1":{"start":{"line":8,"column":28},"end":{"line":21,"column":2}},"2":{"start":{"line":13,"column":12},"end":{"line":13,"column":28}},"3":{"start":{"line":14,"column":12},"end":{"line":14,"column":36}},"4":{"start":{"line":17,"column":12},"end":{"line":17,"column":28}},"5":{"start":{"line":18,"column":12},"end":{"line":18,"column":36}},"6":{"start":{"line":23,"column":43},"end":{"line":23,"column":55}},"7":{"start":{"line":24,"column":43},"end":{"line":24,"column":55}}},"fnMap":{"0":{"name":"(anonymous_0)","decl":{"start":{"line":12,"column":21},"end":{"line":12,"column":22}},"loc":{"start":{"line":12,"column":30},"end":{"line":15,"column":9}},"line":12},"1":{"name":"(anonymous_1)","decl":{"start":{"line":16,"column":21},"end":{"line":16,"column":22}},"loc":{"start":{"line":16,"column":30},"end":{"line":19,"column":9}},"line":16}},"branchMap":{},"s":{"0":3,"1":3,"2":3,"3":3,"4":2,"5":2,"6":3,"7":3},"f":{"0":3,"1":2},"b":{},"_coverageSchema":"1a1c01bbd47fc00a2c39e90264f33305004495a9","hash":"d41f3ca9aefa68a41909411393239ae1170d7bf9"}
,"/Users/marica/Documents/frontend/react_proj/src/entities/Counter/model/types/CounterSchema.ts": {"path":"/Users/marica/Documents/frontend/react_proj/src/entities/Counter/model/types/CounterSchema.ts","statementMap":{},"fnMap":{},"branchMap":{},"s":{},"f":{},"b":{},"_coverageSchema":"1a1c01bbd47fc00a2c39e90264f33305004495a9","hash":"7a72f622d2233897808e352cc03ab9d2351ea157"}
,"/Users/marica/Documents/frontend/react_proj/src/entities/User/index.ts": {"path":"/Users/marica/Documents/frontend/react_proj/src/entities/User/index.ts","statementMap":{},"fnMap":{},"branchMap":{},"s":{},"f":{},"b":{},"_coverageSchema":"1a1c01bbd47fc00a2c39e90264f33305004495a9","hash":"a095b0a06c9a6679800477b3002fa3635581122d"}
,"/Users/marica/Documents/frontend/react_proj/src/entities/User/model/selectors/getUserAuthData/getUserAuthData.ts": {"path":"/Users/marica/Documents/frontend/react_proj/src/entities/User/model/selectors/getUserAuthData/getUserAuthData.ts","statementMap":{"0":{"start":{"line":3,"column":31},"end":{"line":3,"column":74}},"1":{"start":{"line":3,"column":55},"end":{"line":3,"column":74}}},"fnMap":{"0":{"name":"(anonymous_0)","decl":{"start":{"line":3,"column":31},"end":{"line":3,"column":32}},"loc":{"start":{"line":3,"column":55},"end":{"line":3,"column":74}},"line":3}},"branchMap":{},"s":{"0":4,"1":0},"f":{"0":0},"b":{},"_coverageSchema":"1a1c01bbd47fc00a2c39e90264f33305004495a9","hash":"7a92b63125f7985d3f7245e80df9b5937c17add1"}
,"/Users/marica/Documents/frontend/react_proj/src/entities/User/model/slice/userSlice.ts": {"path":"/Users/marica/Documents/frontend/react_proj/src/entities/User/model/slice/userSlice.ts","statementMap":{"0":{"start":{"line":5,"column":33},"end":{"line":6,"column":1}},"1":{"start":{"line":8,"column":25},"end":{"line":27,"column":2}},"2":{"start":{"line":13,"column":12},"end":{"line":13,"column":43}},"3":{"start":{"line":16,"column":25},"end":{"line":16,"column":68}},"4":{"start":{"line":17,"column":12},"end":{"line":19,"column":13}},"5":{"start":{"line":18,"column":16},"end":{"line":18,"column":50}},"6":{"start":{"line":22,"column":12},"end":{"line":22,"column":39}},"7":{"start":{"line":23,"column":12},"end":{"line":23,"column":59}},"8":{"start":{"line":29,"column":40},"end":{"line":29,"column":49}},"9":{"start":{"line":30,"column":40},"end":{"line":30,"column":49}}},"fnMap":{"0":{"name":"(anonymous_0)","decl":{"start":{"line":12,"column":21},"end":{"line":12,"column":22}},"loc":{"start":{"line":12,"column":61},"end":{"line":14,"column":9}},"line":12},"1":{"name":"(anonymous_1)","decl":{"start":{"line":15,"column":22},"end":{"line":15,"column":23}},"loc":{"start":{"line":15,"column":33},"end":{"line":20,"column":9}},"line":15},"2":{"name":"(anonymous_2)","decl":{"start":{"line":21,"column":16},"end":{"line":21,"column":17}},"loc":{"start":{"line":21,"column":27},"end":{"line":25,"column":9}},"line":21}},"branchMap":{"0":{"loc":{"start":{"line":17,"column":12},"end":{"line":19,"column":13}},"type":"if","locations":[{"start":{"line":17,"column":12},"end":{"line":19,"column":13}},{"start":{},"end":{}}],"line":17}},"s":{"0":4,"1":4,"2":0,"3":0,"4":0,"5":0,"6":0,"7":0,"8":4,"9":4},"f":{"0":0,"1":0,"2":0},"b":{"0":[0,0]},"_coverageSchema":"1a1c01bbd47fc00a2c39e90264f33305004495a9","hash":"24d0f7cc0be96ffe003593ba9e5c235a0093cd1d"}
,"/Users/marica/Documents/frontend/react_proj/src/entities/User/model/types/user.ts": {"path":"/Users/marica/Documents/frontend/react_proj/src/entities/User/model/types/user.ts","statementMap":{},"fnMap":{},"branchMap":{},"s":{},"f":{},"b":{},"_coverageSchema":"1a1c01bbd47fc00a2c39e90264f33305004495a9","hash":"389c9307d86d2b7aa8e334388636e07ea348de66"}
,"/Users/marica/Documents/frontend/react_proj/src/features/AuthByUsername/index.ts": {"path":"/Users/marica/Documents/frontend/react_proj/src/features/AuthByUsername/index.ts","statementMap":{},"fnMap":{},"branchMap":{},"s":{},"f":{},"b":{}}
,"/Users/marica/Documents/frontend/react_proj/src/features/AuthByUsername/model/selectors/getLoginError/getLoginError.ts": {"path":"/Users/marica/Documents/frontend/react_proj/src/features/AuthByUsername/model/selectors/getLoginError/getLoginError.ts","statementMap":{"0":{"start":{"line":5,"column":29},"end":{"line":7,"column":1}},"1":{"start":{"line":6,"column":4},"end":{"line":6,"column":35}}},"fnMap":{"0":{"name":"(anonymous_0)","decl":{"start":{"line":5,"column":29},"end":{"line":5,"column":30}},"loc":{"start":{"line":5,"column":61},"end":{"line":7,"column":1}},"line":5}},"branchMap":{},"s":{"0":1,"1":2},"f":{"0":2},"b":{},"_coverageSchema":"1a1c01bbd47fc00a2c39e90264f33305004495a9","hash":"92bff9cbfa0177195c5f0dbb99c1da6f2ff2c3f0"}
,"/Users/marica/Documents/frontend/react_proj/src/features/AuthByUsername/model/selectors/getLoginIsLoading/getLoginIsLoading.ts": {"path":"/Users/marica/Documents/frontend/react_proj/src/features/AuthByUsername/model/selectors/getLoginIsLoading/getLoginIsLoading.ts","statementMap":{"0":{"start":{"line":5,"column":33},"end":{"line":7,"column":1}},"1":{"start":{"line":6,"column":4},"end":{"line":6,"column":39}}},"fnMap":{"0":{"name":"(anonymous_0)","decl":{"start":{"line":5,"column":33},"end":{"line":5,"column":34}},"loc":{"start":{"line":5,"column":66},"end":{"line":7,"column":1}},"line":5}},"branchMap":{},"s":{"0":1,"1":2},"f":{"0":2},"b":{},"_coverageSchema":"1a1c01bbd47fc00a2c39e90264f33305004495a9","hash":"d4a4524093190e4e14ac739f9d30ee6ebe4e6788"}
,"/Users/marica/Documents/frontend/react_proj/src/features/AuthByUsername/model/selectors/getLoginLogin/getLoginLogin.ts": {"path":"/Users/marica/Documents/frontend/react_proj/src/features/AuthByUsername/model/selectors/getLoginLogin/getLoginLogin.ts","statementMap":{"0":{"start":{"line":5,"column":29},"end":{"line":7,"column":1}},"1":{"start":{"line":6,"column":4},"end":{"line":6,"column":35}}},"fnMap":{"0":{"name":"(anonymous_0)","decl":{"start":{"line":5,"column":29},"end":{"line":5,"column":30}},"loc":{"start":{"line":5,"column":61},"end":{"line":7,"column":1}},"line":5}},"branchMap":{},"s":{"0":1,"1":2},"f":{"0":2},"b":{},"_coverageSchema":"1a1c01bbd47fc00a2c39e90264f33305004495a9","hash":"ae176e844cf306ef5bcaee4c68eead61a376261b"}
,"/Users/marica/Documents/frontend/react_proj/src/features/AuthByUsername/model/selectors/getLoginPassword/getLoginPassword.ts": {"path":"/Users/marica/Documents/frontend/react_proj/src/features/AuthByUsername/model/selectors/getLoginPassword/getLoginPassword.ts","statementMap":{"0":{"start":{"line":5,"column":32},"end":{"line":7,"column":1}},"1":{"start":{"line":6,"column":4},"end":{"line":6,"column":38}}},"fnMap":{"0":{"name":"(anonymous_0)","decl":{"start":{"line":5,"column":32},"end":{"line":5,"column":33}},"loc":{"start":{"line":5,"column":64},"end":{"line":7,"column":1}},"line":5}},"branchMap":{},"s":{"0":1,"1":2},"f":{"0":2},"b":{},"_coverageSchema":"1a1c01bbd47fc00a2c39e90264f33305004495a9","hash":"1f3c0dec6fa043a56b9bf8061f539812936eeef1"}
,"/Users/marica/Documents/frontend/react_proj/src/features/AuthByUsername/model/services/loginByUserName/loginByUserName.ts": {"path":"/Users/marica/Documents/frontend/react_proj/src/features/AuthByUsername/model/services/loginByUserName/loginByUserName.ts","statementMap":{"0":{"start":{"line":12,"column":31},"end":{"line":35,"column":1}},"1":{"start":{"line":16,"column":8},"end":{"line":31,"column":9}},"2":{"start":{"line":17,"column":29},"end":{"line":19,"column":25}},"3":{"start":{"line":20,"column":12},"end":{"line":22,"column":13}},"4":{"start":{"line":21,"column":16},"end":{"line":21,"column":42}},"5":{"start":{"line":23,"column":12},"end":{"line":24,"column":46}},"6":{"start":{"line":25,"column":12},"end":{"line":25,"column":69}},"7":{"start":{"line":27,"column":12},"end":{"line":27,"column":32}},"8":{"start":{"line":29,"column":12},"end":{"line":29,"column":27}},"9":{"start":{"line":30,"column":12},"end":{"line":30,"column":72}}},"fnMap":{"0":{"name":"(anonymous_0)","decl":{"start":{"line":15,"column":4},"end":{"line":15,"column":5}},"loc":{"start":{"line":15,"column":56},"end":{"line":34,"column":5}},"line":15}},"branchMap":{"0":{"loc":{"start":{"line":20,"column":12},"end":{"line":22,"column":13}},"type":"if","locations":[{"start":{"line":20,"column":12},"end":{"line":22,"column":13}},{"start":{},"end":{}}],"line":20}},"s":{"0":2,"1":2,"2":2,"3":1,"4":0,"5":1,"6":1,"7":1,"8":1,"9":1},"f":{"0":2},"b":{"0":[0,1]},"_coverageSchema":"1a1c01bbd47fc00a2c39e90264f33305004495a9","hash":"4a2625726eccd9fc8894ac16b6c3b9b1b4e74dd7"}
,"/Users/marica/Documents/frontend/react_proj/src/features/AuthByUsername/model/slice/loginSlice.ts": {"path":"/Users/marica/Documents/frontend/react_proj/src/features/AuthByUsername/model/slice/loginSlice.ts","statementMap":{"0":{"start":{"line":5,"column":34},"end":{"line":9,"column":1}},"1":{"start":{"line":11,"column":26},"end":{"line":38,"column":1}},"2":{"start":{"line":16,"column":12},"end":{"line":16,"column":40}},"3":{"start":{"line":19,"column":12},"end":{"line":19,"column":43}},"4":{"start":{"line":23,"column":8},"end":{"line":34,"column":14}},"5":{"start":{"line":25,"column":16},"end":{"line":25,"column":40}},"6":{"start":{"line":26,"column":16},"end":{"line":26,"column":39}},"7":{"start":{"line":29,"column":16},"end":{"line":29,"column":40}},"8":{"start":{"line":32,"column":16},"end":{"line":32,"column":40}},"9":{"start":{"line":33,"column":16},"end":{"line":33,"column":45}},"10":{"start":{"line":39,"column":41},"end":{"line":39,"column":51}},"11":{"start":{"line":40,"column":41},"end":{"line":40,"column":51}}},"fnMap":{"0":{"name":"(anonymous_0)","decl":{"start":{"line":15,"column":21},"end":{"line":15,"column":22}},"loc":{"start":{"line":15,"column":63},"end":{"line":17,"column":9}},"line":15},"1":{"name":"(anonymous_1)","decl":{"start":{"line":18,"column":21},"end":{"line":18,"column":22}},"loc":{"start":{"line":18,"column":63},"end":{"line":20,"column":9}},"line":18},"2":{"name":"(anonymous_2)","decl":{"start":{"line":22,"column":19},"end":{"line":22,"column":20}},"loc":{"start":{"line":22,"column":32},"end":{"line":36,"column":5}},"line":22},"3":{"name":"(anonymous_3)","decl":{"start":{"line":24,"column":46},"end":{"line":24,"column":47}},"loc":{"start":{"line":24,"column":57},"end":{"line":27,"column":13}},"line":24},"4":{"name":"(anonymous_4)","decl":{"start":{"line":28,"column":48},"end":{"line":28,"column":49}},"loc":{"start":{"line":28,"column":59},"end":{"line":30,"column":13}},"line":28},"5":{"name":"(anonymous_5)","decl":{"start":{"line":31,"column":47},"end":{"line":31,"column":48}},"loc":{"start":{"line":31,"column":66},"end":{"line":34,"column":13}},"line":31}},"branchMap":{},"s":{"0":1,"1":1,"2":1,"3":1,"4":1,"5":0,"6":0,"7":0,"8":0,"9":0,"10":1,"11":1},"f":{"0":1,"1":1,"2":1,"3":0,"4":0,"5":0},"b":{},"_coverageSchema":"1a1c01bbd47fc00a2c39e90264f33305004495a9","hash":"89cc18266ace3d613193be0a48761fe9d7220a51"}
,"/Users/marica/Documents/frontend/react_proj/src/features/AuthByUsername/model/types/LoginSchema.ts": {"path":"/Users/marica/Documents/frontend/react_proj/src/features/AuthByUsername/model/types/LoginSchema.ts","statementMap":{},"fnMap":{},"branchMap":{},"s":{},"f":{},"b":{}}
,"/Users/marica/Documents/frontend/react_proj/src/features/AuthByUsername/ui/LoginForm/LoginForm.async.ts": {"path":"/Users/marica/Documents/frontend/react_proj/src/features/AuthByUsername/ui/LoginForm/LoginForm.async.ts","statementMap":{"0":{"start":{"line":5,"column":0},"end":{"line":5,"column":54}},"1":{"start":{"line":5,"column":32},"end":{"line":5,"column":53}}},"fnMap":{"0":{"name":"(anonymous_0)","decl":{"start":{"line":5,"column":26},"end":{"line":5,"column":27}},"loc":{"start":{"line":5,"column":32},"end":{"line":5,"column":53}},"line":5}},"branchMap":{},"s":{"0":0,"1":0},"f":{"0":0},"b":{}}
,"/Users/marica/Documents/frontend/react_proj/src/pages/About/index.ts": {"path":"/Users/marica/Documents/frontend/react_proj/src/pages/About/index.ts","statementMap":{},"fnMap":{},"branchMap":{},"s":{},"f":{},"b":{},"_coverageSchema":"1a1c01bbd47fc00a2c39e90264f33305004495a9","hash":"6edafffffc99a2bdbd90e031871c2010a29fec66"}
,"/Users/marica/Documents/frontend/react_proj/src/pages/Main/index.ts": {"path":"/Users/marica/Documents/frontend/react_proj/src/pages/Main/index.ts","statementMap":{},"fnMap":{},"branchMap":{},"s":{},"f":{},"b":{},"_coverageSchema":"1a1c01bbd47fc00a2c39e90264f33305004495a9","hash":"aaff372b4c4d5a331e2ad56c52f9be814dd3b92b"}
,"/Users/marica/Documents/frontend/react_proj/src/pages/NotFoundPage/index.ts": {"path":"/Users/marica/Documents/frontend/react_proj/src/pages/NotFoundPage/index.ts","statementMap":{},"fnMap":{},"branchMap":{},"s":{},"f":{},"b":{},"_coverageSchema":"1a1c01bbd47fc00a2c39e90264f33305004495a9","hash":"c4557bfbcafa3dbc7f5f1f08aaf1f800631e428a"}
,"/Users/marica/Documents/frontend/react_proj/src/shared/index.ts": {"path":"/Users/marica/Documents/frontend/react_proj/src/shared/index.ts","statementMap":{},"fnMap":{},"branchMap":{},"s":{},"f":{},"b":{},"_coverageSchema":"1a1c01bbd47fc00a2c39e90264f33305004495a9","hash":"28d0f0f772697e4b3c3f6dd84e10f837b268cf53"}
,"/Users/marica/Documents/frontend/react_proj/src/shared/config/i18n/i18n.ts": {"path":"/Users/marica/Documents/frontend/react_proj/src/shared/config/i18n/i18n.ts","statementMap":{"0":{"start":{"line":8,"column":0},"end":{"line":32,"column":7}}},"fnMap":{},"branchMap":{},"s":{"0":0},"f":{},"b":{}}
,"/Users/marica/Documents/frontend/react_proj/src/shared/config/i18n/i18nForTest.ts": {"path":"/Users/marica/Documents/frontend/react_proj/src/shared/config/i18n/i18nForTest.ts","statementMap":{"0":{"start":{"line":4,"column":0},"end":{"line":17,"column":7}}},"fnMap":{},"branchMap":{},"s":{"0":2},"f":{},"b":{},"_coverageSchema":"1a1c01bbd47fc00a2c39e90264f33305004495a9","hash":"bdee0977cd421da04b6ef6f07f3ec9368a18a99d"}
,"/Users/marica/Documents/frontend/react_proj/src/shared/config/storybook/StyleDecorator/StyleDecorator.ts": {"path":"/Users/marica/Documents/frontend/react_proj/src/shared/config/storybook/StyleDecorator/StyleDecorator.ts","statementMap":{"0":{"start":{"line":4,"column":30},"end":{"line":4,"column":61}},"1":{"start":{"line":4,"column":54},"end":{"line":4,"column":61}}},"fnMap":{"0":{"name":"(anonymous_0)","decl":{"start":{"line":4,"column":30},"end":{"line":4,"column":31}},"loc":{"start":{"line":4,"column":54},"end":{"line":4,"column":61}},"line":4}},"branchMap":{},"s":{"0":0,"1":0},"f":{"0":0},"b":{}}
,"/Users/marica/Documents/frontend/react_proj/src/shared/config/tests/TestAsyncThunk/TestAsyncThunk.ts": {"path":"/Users/marica/Documents/frontend/react_proj/src/shared/config/tests/TestAsyncThunk/TestAsyncThunk.ts","statementMap":{"0":{"start":{"line":13,"column":8},"end":{"line":13,"column":43}},"1":{"start":{"line":14,"column":8},"end":{"line":14,"column":34}},"2":{"start":{"line":15,"column":8},"end":{"line":15,"column":34}},"3":{"start":{"line":19,"column":24},"end":{"line":19,"column":47}},"4":{"start":{"line":20,"column":23},"end":{"line":20,"column":76}},"5":{"start":{"line":21,"column":8},"end":{"line":21,"column":22}}},"fnMap":{"0":{"name":"(anonymous_0)","decl":{"start":{"line":12,"column":4},"end":{"line":12,"column":5}},"loc":{"start":{"line":12,"column":78},"end":{"line":16,"column":5}},"line":12},"1":{"name":"(anonymous_1)","decl":{"start":{"line":18,"column":4},"end":{"line":18,"column":5}},"loc":{"start":{"line":18,"column":30},"end":{"line":22,"column":5}},"line":18}},"branchMap":{},"s":{"0":2,"1":2,"2":2,"3":2,"4":2,"5":2},"f":{"0":2,"1":2},"b":{},"_coverageSchema":"1a1c01bbd47fc00a2c39e90264f33305004495a9","hash":"0eb8db39307c6059ad47e0aec690629b024c7274"}
,"/Users/marica/Documents/frontend/react_proj/src/shared/const/localstogare.ts": {"path":"/Users/marica/Documents/frontend/react_proj/src/shared/const/localstogare.ts","statementMap":{"0":{"start":{"line":1,"column":37},"end":{"line":1,"column":43}}},"fnMap":{},"branchMap":{},"s":{"0":4},"f":{},"b":{},"_coverageSchema":"1a1c01bbd47fc00a2c39e90264f33305004495a9","hash":"76a41b7a5fffca39ac1f51ad489c83f799bd373a"}
,"/Users/marica/Documents/frontend/react_proj/src/shared/lib/classNames/classNames.ts": {"path":"/Users/marica/Documents/frontend/react_proj/src/shared/lib/classNames/classNames.ts","statementMap":{"0":{"start":{"line":8,"column":4},"end":{"line":14,"column":16}},"1":{"start":{"line":12,"column":36},"end":{"line":12,"column":50}},"2":{"start":{"line":13,"column":34},"end":{"line":13,"column":43}}},"fnMap":{"0":{"name":"classNames","decl":{"start":{"line":3,"column":16},"end":{"line":3,"column":26}},"loc":{"start":{"line":7,"column":10},"end":{"line":15,"column":1}},"line":7},"1":{"name":"(anonymous_1)","decl":{"start":{"line":12,"column":20},"end":{"line":12,"column":21}},"loc":{"start":{"line":12,"column":36},"end":{"line":12,"column":50}},"line":12},"2":{"name":"(anonymous_2)","decl":{"start":{"line":13,"column":17},"end":{"line":13,"column":18}},"loc":{"start":{"line":13,"column":34},"end":{"line":13,"column":43}},"line":13}},"branchMap":{"0":{"loc":{"start":{"line":5,"column":4},"end":{"line":5,"column":19}},"type":"default-arg","locations":[{"start":{"line":5,"column":17},"end":{"line":5,"column":19}}],"line":5},"1":{"loc":{"start":{"line":6,"column":4},"end":{"line":6,"column":29}},"type":"default-arg","locations":[{"start":{"line":6,"column":27},"end":{"line":6,"column":29}}],"line":6}},"s":{"0":47,"1":49,"2":6},"f":{"0":47,"1":49,"2":6},"b":{"0":[5],"1":[5]},"_coverageSchema":"1a1c01bbd47fc00a2c39e90264f33305004495a9","hash":"e8663824bec52b5bebe4836f3cef02f47eb69267"}
,"/Users/marica/Documents/frontend/react_proj/src/widgets/LangSwitcher/index.ts": {"path":"/Users/marica/Documents/frontend/react_proj/src/widgets/LangSwitcher/index.ts","statementMap":{},"fnMap":{},"branchMap":{},"s":{},"f":{},"b":{},"_coverageSchema":"1a1c01bbd47fc00a2c39e90264f33305004495a9","hash":"5decb08080963e1eabe53145a5fb2c5c79bfeb10"}
,"/Users/marica/Documents/frontend/react_proj/src/widgets/Navbar/index.ts": {"path":"/Users/marica/Documents/frontend/react_proj/src/widgets/Navbar/index.ts","statementMap":{},"fnMap":{},"branchMap":{},"s":{},"f":{},"b":{}}
,"/Users/marica/Documents/frontend/react_proj/src/widgets/PageError/index.ts": {"path":"/Users/marica/Documents/frontend/react_proj/src/widgets/PageError/index.ts","statementMap":{},"fnMap":{},"branchMap":{},"s":{},"f":{},"b":{}}
,"/Users/marica/Documents/frontend/react_proj/src/widgets/PageLoader/index.ts": {"path":"/Users/marica/Documents/frontend/react_proj/src/widgets/PageLoader/index.ts","statementMap":{},"fnMap":{},"branchMap":{},"s":{},"f":{},"b":{}}
,"/Users/marica/Documents/frontend/react_proj/src/widgets/Sidebar/index.ts": {"path":"/Users/marica/Documents/frontend/react_proj/src/widgets/Sidebar/index.ts","statementMap":{},"fnMap":{},"branchMap":{},"s":{},"f":{},"b":{},"_coverageSchema":"1a1c01bbd47fc00a2c39e90264f33305004495a9","hash":"272312d3c6f146bee9d891ac216f11d30afd1c10"}
,"/Users/marica/Documents/frontend/react_proj/src/widgets/ThemeSwitcher/index.ts": {"path":"/Users/marica/Documents/frontend/react_proj/src/widgets/ThemeSwitcher/index.ts","statementMap":{},"fnMap":{},"branchMap":{},"s":{},"f":{},"b":{},"_coverageSchema":"1a1c01bbd47fc00a2c39e90264f33305004495a9","hash":"021dd9eade31ea8e2da0bf9cdf22b817136b9b7f"}
}
